<?xml version="1.0" encoding="UTF-8"?>
<testng-results ignored="0" total="3" passed="3" failed="0" skipped="0">
  <reporter-output>
  </reporter-output>
  <suite started-at="2022-11-25T18:05:25 SAST" name="Default suite" finished-at="2022-11-25T18:05:27 SAST" duration-ms="1474">
    <groups>
    </groups>
    <test started-at="2022-11-25T18:05:25 SAST" name="Default test" finished-at="2022-11-25T18:05:27 SAST" duration-ms="1474">
      <class name="com.datadriven.dataprovide.Data_Parsing_Read_All_Data">
        <test-method signature="adactin([Ljava.lang.String;)[pri:0, instance:com.datadriven.dataprovide.Data_Parsing_Read_All_Data@36a5cabc]" started-at="2022-11-25T18:05:27 SAST" name="adactin" data-provider="data_Values_Login" finished-at="2022-11-25T18:05:27 SAST" duration-ms="138" status="PASS">
          <params>
            <param index="0">
              <value>
                <![CDATA[[Ljava.lang.String;@6b04acb2]]>
              </value>
            </param>
          </params>
          <reporter-output>
          </reporter-output>
        </test-method> <!-- adactin -->
        <test-method signature="adactin([Ljava.lang.String;)[pri:0, instance:com.datadriven.dataprovide.Data_Parsing_Read_All_Data@36a5cabc]" started-at="2022-11-25T18:05:27 SAST" name="adactin" data-provider="data_Values_Login" finished-at="2022-11-25T18:05:27 SAST" duration-ms="9" status="PASS">
          <params>
            <param index="0">
              <value>
                <![CDATA[[Ljava.lang.String;@4ee33af7]]>
              </value>
            </param>
          </params>
          <reporter-output>
          </reporter-output>
        </test-method> <!-- adactin -->
        <test-method signature="adactin([Ljava.lang.String;)[pri:0, instance:com.datadriven.dataprovide.Data_Parsing_Read_All_Data@36a5cabc]" started-at="2022-11-25T18:05:27 SAST" name="adactin" data-provider="data_Values_Login" finished-at="2022-11-25T18:05:27 SAST" duration-ms="14" status="PASS">
          <params>
            <param index="0">
              <value>
                <![CDATA[[Ljava.lang.String;@5f5b5ca4]]>
              </value>
            </param>
          </params>
          <reporter-output>
          </reporter-output>
        </test-method> <!-- adactin -->
      </class> <!-- com.datadriven.dataprovide.Data_Parsing_Read_All_Data -->
    </test> <!-- Default test -->
  </suite> <!-- Default suite -->
</testng-results>
