<?xml version="1.0" encoding="UTF-8"?>
<testng-results ignored="0" total="2" passed="2" failed="0" skipped="0">
  <reporter-output>
  </reporter-output>
  <suite started-at="2022-11-17T08:17:42 SAST" name="Suite" finished-at="2022-11-17T08:17:42 SAST" duration-ms="68">
    <groups>
    </groups>
    <test started-at="2022-11-17T08:17:42 SAST" name="Test" finished-at="2022-11-17T08:17:42 SAST" duration-ms="68">
      <class name="com.testing.attributes.Passing_Single_Data_Param">
        <test-method signature="credentials_Login(java.lang.String,java.lang.String)[pri:0, instance:com.testing.attributes.Passing_Single_Data_Param@5562c41e]" started-at="2022-11-17T08:17:42 SAST" name="credentials_Login" finished-at="2022-11-17T08:17:42 SAST" duration-ms="10" status="PASS">
          <params>
            <param index="0">
              <value>
                <![CDATA[Mano]]>
              </value>
            </param>
            <param index="1">
              <value>
                <![CDATA[123456]]>
              </value>
            </param>
          </params>
          <reporter-output>
          </reporter-output>
        </test-method> <!-- credentials_Login -->
        <test-method signature="surNames(java.lang.String,java.lang.String)[pri:0, instance:com.testing.attributes.Passing_Single_Data_Param@5562c41e]" started-at="2022-11-17T08:17:42 SAST" name="surNames" finished-at="2022-11-17T08:17:42 SAST" duration-ms="2" status="PASS">
          <params>
            <param index="0">
              <value>
                <![CDATA[Mano]]>
              </value>
            </param>
            <param index="1">
              <value>
                <![CDATA[Shrie]]>
              </value>
            </param>
          </params>
          <reporter-output>
          </reporter-output>
        </test-method> <!-- surNames -->
      </class> <!-- com.testing.attributes.Passing_Single_Data_Param -->
    </test> <!-- Test -->
  </suite> <!-- Suite -->
</testng-results>
