<?xml version="1.0" encoding="UTF-8"?>
<!-- Generated by org.testng.reporters.JUnitXMLReporter -->
<testsuite ignored="0" hostname="Tharani-PC" failures="0" tests="3" name="Default test" time="1.474" errors="0" timestamp="2022-11-25T18:05:27 SAST">
  <testcase classname="com.datadriven.dataprovide.Data_Parsing_Read_All_Data" name="adactin" time="0.138"/>
  <testcase classname="com.datadriven.dataprovide.Data_Parsing_Read_All_Data" name="adactin" time="0.009"/>
  <testcase classname="com.datadriven.dataprovide.Data_Parsing_Read_All_Data" name="adactin" time="0.014"/>
</testsuite> <!-- Default test -->
